# JRE version: Java(TM) SE Runtime Environment (8.0-b132) (build 1.8.0-b132)
# Java VM: Java HotSpot(TM) 64-Bit Server VM (25.0-b70 mixed mode windows-amd64 compressed oops)
Heap:
 PSYoungGen      total 62464K, used 57548K [0x00000000eab00000, 0x00000000ef380000, 0x0000000100000000)
  eden space 53760K, 93% used [0x00000000eab00000,0x00000000edc33220,0x00000000edf80000)
  from space 8704K, 82% used [0x00000000ee900000,0x00000000ef000160,0x00000000ef180000)
  to   space 9728K, 0% used [0x00000000edf80000,0x00000000edf80000,0x00000000ee900000)
 ParOldGen       total 129536K, used 47987K [0x00000000c0000000, 0x00000000c7e80000, 0x00000000eab00000)
  object space 129536K, 37% used [0x00000000c0000000,0x00000000c2edcc60,0x00000000c7e80000)
 Metaspace       used 6161K, capacity 7064K, committed 7424K, reserved 1056768K
  class space    used 614K, capacity 656K, committed 768K, reserved 1048576K
GC Heap History (10 events):
Event: 8.831 GC heap before
{Heap before GC invocations=30 (full 0):
 PSYoungGen      total 30720K, used 30640K [0x00000000eab00000, 0x00000000ed780000, 0x0000000100000000)
  eden space 26112K, 100% used [0x00000000eab00000,0x00000000ec480000,0x00000000ec480000)
  from space 4608K, 98% used [0x00000000ec480000,0x00000000ec8ec1e0,0x00000000ec900000)
  to   space 5632K, 0% used [0x00000000ed200000,0x00000000ed200000,0x00000000ed780000)
 ParOldGen       total 129536K, used 22960K [0x00000000c0000000, 0x00000000c7e80000, 0x00000000eab00000)
  object space 129536K, 17% used [0x00000000c0000000,0x00000000c166c3e0,0x00000000c7e80000)
 Metaspace       used 6045K, capacity 7024K, committed 7296K, reserved 1056768K
  class space    used 594K, capacity 616K, committed 640K, reserved 1048576K
Event: 8.926 GC heap after
Heap after GC invocations=30 (full 0):
 PSYoungGen      total 39424K, used 4672K [0x00000000eab00000, 0x00000000ed880000, 0x0000000100000000)
  eden space 33792K, 0% used [0x00000000eab00000,0x00000000eab00000,0x00000000ecc00000)
  from space 5632K, 82% used [0x00000000ed200000,0x00000000ed690020,0x00000000ed780000)
  to   space 6144K, 0% used [0x00000000ecc00000,0x00000000ecc00000,0x00000000ed200000)
 ParOldGen       total 129536K, used 26880K [0x00000000c0000000, 0x00000000c7e80000, 0x00000000eab00000)
  object space 129536K, 20% used [0x00000000c0000000,0x00000000c1a403e0,0x00000000c7e80000)
 Metaspace       used 6045K, capacity 7024K, committed 7296K, reserved 1056768K
  class space    used 594K, capacity 616K, committed 640K, reserved 1048576K
}
Event: 9.962 GC heap before
{Heap before GC invocations=31 (full 0):
 PSYoungGen      total 39424K, used 38464K [0x00000000eab00000, 0x00000000ed880000, 0x0000000100000000)
  eden space 33792K, 100% used [0x00000000eab00000,0x00000000ecc00000,0x00000000ecc00000)
  from space 5632K, 82% used [0x00000000ed200000,0x00000000ed690020,0x00000000ed780000)
  to   space 6144K, 0% used [0x00000000ecc00000,0x00000000ecc00000,0x00000000ed200000)
 ParOldGen       total 129536K, used 26880K [0x00000000c0000000, 0x00000000c7e80000, 0x00000000eab00000)
  object space 129536K, 20% used [0x00000000c0000000,0x00000000c1a403e0,0x00000000c7e80000)
 Metaspace       used 6051K, capacity 7024K, committed 7296K, reserved 1056768K
  class space    used 594K, capacity 616K, committed 640K, reserved 1048576K
Event: 10.072 GC heap after
Heap after GC invocations=31 (full 0):
 PSYoungGen      total 39936K, used 5876K [0x00000000eab00000, 0x00000000ee400000, 0x0000000100000000)
  eden space 33792K, 0% used [0x00000000eab00000,0x00000000eab00000,0x00000000ecc00000)
  from space 6144K, 95% used [0x00000000ecc00000,0x00000000ed1bd3e0,0x00000000ed200000)
  to   space 7168K, 0% used [0x00000000edd00000,0x00000000edd00000,0x00000000ee400000)
 ParOldGen       total 129536K, used 31237K [0x00000000c0000000, 0x00000000c7e80000, 0x00000000eab00000)
  object space 129536K, 24% used [0x00000000c0000000,0x00000000c1e81798,0x00000000c7e80000)
 Metaspace       used 6051K, capacity 7024K, committed 7296K, reserved 1056768K
  class space    used 594K, capacity 616K, committed 640K, reserved 1048576K
}
Event: 11.050 GC heap before
{Heap before GC invocations=32 (full 0):
 PSYoungGen      total 39936K, used 39668K [0x00000000eab00000, 0x00000000ee400000, 0x0000000100000000)
  eden space 33792K, 100% used [0x00000000eab00000,0x00000000ecc00000,0x00000000ecc00000)
  from space 6144K, 95% used [0x00000000ecc00000,0x00000000ed1bd3e0,0x00000000ed200000)
  to   space 7168K, 0% used [0x00000000edd00000,0x00000000edd00000,0x00000000ee400000)
 ParOldGen       total 129536K, used 31237K [0x00000000c0000000, 0x00000000c7e80000, 0x00000000eab00000)
  object space 129536K, 24% used [0x00000000c0000000,0x00000000c1e81798,0x00000000c7e80000)
 Metaspace       used 6146K, capacity 7064K, committed 7424K, reserved 1056768K
  class space    used 614K, capacity 656K, committed 768K, reserved 1048576K
Event: 11.399 GC heap after
Heap after GC invocations=32 (full 0):
 PSYoungGen      total 50688K, used 5344K [0x00000000eab00000, 0x00000000ee500000, 0x0000000100000000)
  eden space 43520K, 0% used [0x00000000eab00000,0x00000000eab00000,0x00000000ed580000)
  from space 7168K, 74% used [0x00000000edd00000,0x00000000ee238000,0x00000000ee400000)
  to   space 7680K, 0% used [0x00000000ed580000,0x00000000ed580000,0x00000000edd00000)
 ParOldGen       total 129536K, used 36508K [0x00000000c0000000, 0x00000000c7e80000, 0x00000000eab00000)
  object space 129536K, 28% used [0x00000000c0000000,0x00000000c23a7188,0x00000000c7e80000)
 Metaspace       used 6146K, capacity 7064K, committed 7424K, reserved 1056768K
  class space    used 614K, capacity 656K, committed 768K, reserved 1048576K
}
Event: 12.995 GC heap before
{Heap before GC invocations=33 (full 0):
 PSYoungGen      total 50688K, used 48864K [0x00000000eab00000, 0x00000000ee500000, 0x0000000100000000)
  eden space 43520K, 100% used [0x00000000eab00000,0x00000000ed580000,0x00000000ed580000)
  from space 7168K, 74% used [0x00000000edd00000,0x00000000ee238000,0x00000000ee400000)
  to   space 7680K, 0% used [0x00000000ed580000,0x00000000ed580000,0x00000000edd00000)
 ParOldGen       total 129536K, used 36508K [0x00000000c0000000, 0x00000000c7e80000, 0x00000000eab00000)
  object space 129536K, 28% used [0x00000000c0000000,0x00000000c23a7188,0x00000000c7e80000)
 Metaspace       used 6154K, capacity 7064K, committed 7424K, reserved 1056768K
  class space    used 614K, capacity 656K, committed 768K, reserved 1048576K
Event: 13.308 GC heap after
Heap after GC invocations=33 (full 0):
 PSYoungGen      total 51200K, used 6752K [0x00000000eab00000, 0x00000000ef180000, 0x0000000100000000)
  eden space 43520K, 0% used [0x00000000eab00000,0x00000000eab00000,0x00000000ed580000)
  from space 7680K, 87% used [0x00000000ed580000,0x00000000edc18000,0x00000000edd00000)
  to   space 8704K, 0% used [0x00000000ee900000,0x00000000ee900000,0x00000000ef180000)
 ParOldGen       total 129536K, used 41541K [0x00000000c0000000, 0x00000000c7e80000, 0x00000000eab00000)
  object space 129536K, 32% used [0x00000000c0000000,0x00000000c2891558,0x00000000c7e80000)
 Metaspace       used 6154K, capacity 7064K, committed 7424K, reserved 1056768K
  class space    used 614K, capacity 656K, committed 768K, reserved 1048576K
}
Event: 15.035 GC heap before
{Heap before GC invocations=34 (full 0):
 PSYoungGen      total 51200K, used 50272K [0x00000000eab00000, 0x00000000ef180000, 0x0000000100000000)
  eden space 43520K, 100% used [0x00000000eab00000,0x00000000ed580000,0x00000000ed580000)
  from space 7680K, 87% used [0x00000000ed580000,0x00000000edc18000,0x00000000edd00000)
  to   space 8704K, 0% used [0x00000000ee900000,0x00000000ee900000,0x00000000ef180000)
 ParOldGen       total 129536K, used 41541K [0x00000000c0000000, 0x00000000c7e80000, 0x00000000eab00000)
  object space 129536K, 32% used [0x00000000c0000000,0x00000000c2891558,0x00000000c7e80000)
 Metaspace       used 6157K, capacity 7064K, committed 7424K, reserved 1056768K
  class space    used 614K, capacity 656K, committed 768K, reserved 1048576K
Event: 15.228 GC heap after
Heap after GC invocations=34 (full 0):
 PSYoungGen      total 62464K, used 7168K [0x00000000eab00000, 0x00000000ef380000, 0x0000000100000000)
  eden space 53760K, 0% used [0x00000000eab00000,0x00000000eab00000,0x00000000edf80000)
  from space 8704K, 82% used [0x00000000ee900000,0x00000000ef000160,0x00000000ef180000)
  to   space 9728K, 0% used [0x00000000edf80000,0x00000000edf80000,0x00000000ee900000)
 ParOldGen       total 129536K, used 47987K [0x00000000c0000000, 0x00000000c7e80000, 0x00000000eab00000)
  object space 129536K, 37% used [0x00000000c0000000,0x00000000c2edcc60,0x00000000c7e80000)
 Metaspace       used 6157K, capacity 7064K, committed 7424K, reserved 1056768K
  class space    used 614K, capacity 656K, committed 768K, reserved 1048576K
}

