# JRE version: Java(TM) SE Runtime Environment (8.0-b132) (build 1.8.0-b132)
# Java VM: Java HotSpot(TM) 64-Bit Server VM (25.0-b70 mixed mode windows-amd64 compressed oops)
Heap:
 PSYoungGen      total 83456K, used 24095K [0x00000000eab00000, 0x00000000f0a80000, 0x0000000100000000)
  eden space 72192K, 22% used [0x00000000eab00000,0x00000000ebb00748,0x00000000ef180000)
  from space 11264K, 68% used [0x00000000efd80000,0x00000000f0507548,0x00000000f0880000)
  to   space 12288K, 0% used [0x00000000ef180000,0x00000000ef180000,0x00000000efd80000)
 ParOldGen       total 129536K, used 39241K [0x00000000c0000000, 0x00000000c7e80000, 0x00000000eab00000)
  object space 129536K, 30% used [0x00000000c0000000,0x00000000c26527c0,0x00000000c7e80000)
 Metaspace       used 6206K, capacity 7128K, committed 7424K, reserved 1056768K
  class space    used 618K, capacity 656K, committed 768K, reserved 1048576K
GC Heap History (10 events):
Event: 8.253 GC heap before
{Heap before GC invocations=18 (full 0):
 PSYoungGen      total 31232K, used 31232K [0x00000000eab00000, 0x00000000edb00000, 0x0000000100000000)
  eden space 27648K, 100% used [0x00000000eab00000,0x00000000ec600000,0x00000000ec600000)
  from space 3584K, 100% used [0x00000000ec600000,0x00000000ec980000,0x00000000ec980000)
  to   space 5120K, 0% used [0x00000000ed600000,0x00000000ed600000,0x00000000edb00000)
 ParOldGen       total 129536K, used 14089K [0x00000000c0000000, 0x00000000c7e80000, 0x00000000eab00000)
  object space 129536K, 10% used [0x00000000c0000000,0x00000000c0dc26d0,0x00000000c7e80000)
 Metaspace       used 5968K, capacity 6960K, committed 7040K, reserved 1056768K
  class space    used 593K, capacity 616K, committed 640K, reserved 1048576K
Event: 8.287 GC heap after
Heap after GC invocations=18 (full 0):
 PSYoungGen      total 43008K, used 4620K [0x00000000eab00000, 0x00000000edd00000, 0x0000000100000000)
  eden space 37888K, 0% used [0x00000000eab00000,0x00000000eab00000,0x00000000ed000000)
  from space 5120K, 90% used [0x00000000ed600000,0x00000000eda830f0,0x00000000edb00000)
  to   space 6144K, 0% used [0x00000000ed000000,0x00000000ed000000,0x00000000ed600000)
 ParOldGen       total 129536K, used 17507K [0x00000000c0000000, 0x00000000c7e80000, 0x00000000eab00000)
  object space 129536K, 13% used [0x00000000c0000000,0x00000000c1118f30,0x00000000c7e80000)
 Metaspace       used 5968K, capacity 6960K, committed 7040K, reserved 1056768K
  class space    used 593K, capacity 616K, committed 640K, reserved 1048576K
}
Event: 9.083 GC heap before
{Heap before GC invocations=19 (full 0):
 PSYoungGen      total 43008K, used 42508K [0x00000000eab00000, 0x00000000edd00000, 0x0000000100000000)
  eden space 37888K, 100% used [0x00000000eab00000,0x00000000ed000000,0x00000000ed000000)
  from space 5120K, 90% used [0x00000000ed600000,0x00000000eda830f0,0x00000000edb00000)
  to   space 6144K, 0% used [0x00000000ed000000,0x00000000ed000000,0x00000000ed600000)
 ParOldGen       total 129536K, used 17507K [0x00000000c0000000, 0x00000000c7e80000, 0x00000000eab00000)
  object space 129536K, 13% used [0x00000000c0000000,0x00000000c1118f30,0x00000000c7e80000)
 Metaspace       used 6068K, capacity 7000K, committed 7168K, reserved 1056768K
  class space    used 613K, capacity 656K, committed 768K, reserved 1048576K
Event: 9.119 GC heap after
Heap after GC invocations=19 (full 0):
 PSYoungGen      total 44032K, used 5175K [0x00000000eab00000, 0x00000000eec00000, 0x0000000100000000)
  eden space 37888K, 0% used [0x00000000eab00000,0x00000000eab00000,0x00000000ed000000)
  from space 6144K, 84% used [0x00000000ed000000,0x00000000ed50dd60,0x00000000ed600000)
  to   space 6656K, 0% used [0x00000000ee580000,0x00000000ee580000,0x00000000eec00000)
 ParOldGen       total 129536K, used 21661K [0x00000000c0000000, 0x00000000c7e80000, 0x00000000eab00000)
  object space 129536K, 16% used [0x00000000c0000000,0x00000000c1527508,0x00000000c7e80000)
 Metaspace       used 6068K, capacity 7000K, committed 7168K, reserved 1056768K
  class space    used 613K, capacity 656K, committed 768K, reserved 1048576K
}
Event: 9.712 GC heap before
{Heap before GC invocations=20 (full 0):
 PSYoungGen      total 44032K, used 43063K [0x00000000eab00000, 0x00000000eec00000, 0x0000000100000000)
  eden space 37888K, 100% used [0x00000000eab00000,0x00000000ed000000,0x00000000ed000000)
  from space 6144K, 84% used [0x00000000ed000000,0x00000000ed50dd60,0x00000000ed600000)
  to   space 6656K, 0% used [0x00000000ee580000,0x00000000ee580000,0x00000000eec00000)
 ParOldGen       total 129536K, used 21661K [0x00000000c0000000, 0x00000000c7e80000, 0x00000000eab00000)
  object space 129536K, 16% used [0x00000000c0000000,0x00000000c1527508,0x00000000c7e80000)
 Metaspace       used 6081K, capacity 7000K, committed 7168K, reserved 1056768K
  class space    used 613K, capacity 656K, committed 768K, reserved 1048576K
Event: 9.770 GC heap after
Heap after GC invocations=20 (full 0):
 PSYoungGen      total 58880K, used 5963K [0x00000000eab00000, 0x00000000eee00000, 0x0000000100000000)
  eden space 52224K, 0% used [0x00000000eab00000,0x00000000eab00000,0x00000000ede00000)
  from space 6656K, 89% used [0x00000000ee580000,0x00000000eeb52d80,0x00000000eec00000)
  to   space 7680K, 0% used [0x00000000ede00000,0x00000000ede00000,0x00000000ee580000)
 ParOldGen       total 129536K, used 26391K [0x00000000c0000000, 0x00000000c7e80000, 0x00000000eab00000)
  object space 129536K, 20% used [0x00000000c0000000,0x00000000c19c5c58,0x00000000c7e80000)
 Metaspace       used 6081K, capacity 7000K, committed 7168K, reserved 1056768K
  class space    used 613K, capacity 656K, committed 768K, reserved 1048576K
}
Event: 10.167 GC heap before
{Heap before GC invocations=21 (full 0):
 PSYoungGen      total 58880K, used 58187K [0x00000000eab00000, 0x00000000eee00000, 0x0000000100000000)
  eden space 52224K, 100% used [0x00000000eab00000,0x00000000ede00000,0x00000000ede00000)
  from space 6656K, 89% used [0x00000000ee580000,0x00000000eeb52d80,0x00000000eec00000)
  to   space 7680K, 0% used [0x00000000ede00000,0x00000000ede00000,0x00000000ee580000)
 ParOldGen       total 129536K, used 26391K [0x00000000c0000000, 0x00000000c7e80000, 0x00000000eab00000)
  object space 129536K, 20% used [0x00000000c0000000,0x00000000c19c5c58,0x00000000c7e80000)
 Metaspace       used 6111K, capacity 7064K, committed 7424K, reserved 1056768K
  class space    used 613K, capacity 656K, committed 768K, reserved 1048576K
Event: 10.231 GC heap after
Heap after GC invocations=21 (full 0):
 PSYoungGen      total 59904K, used 7650K [0x00000000eab00000, 0x00000000f0880000, 0x0000000100000000)
  eden space 52224K, 0% used [0x00000000eab00000,0x00000000eab00000,0x00000000ede00000)
  from space 7680K, 99% used [0x00000000ede00000,0x00000000ee578808,0x00000000ee580000)
  to   space 11264K, 0% used [0x00000000efd80000,0x00000000efd80000,0x00000000f0880000)
 ParOldGen       total 129536K, used 33010K [0x00000000c0000000, 0x00000000c7e80000, 0x00000000eab00000)
  object space 129536K, 25% used [0x00000000c0000000,0x00000000c203cbc8,0x00000000c7e80000)
 Metaspace       used 6111K, capacity 7064K, committed 7424K, reserved 1056768K
  class space    used 613K, capacity 656K, committed 768K, reserved 1048576K
}
Event: 10.657 GC heap before
{Heap before GC invocations=22 (full 0):
 PSYoungGen      total 59904K, used 59874K [0x00000000eab00000, 0x00000000f0880000, 0x0000000100000000)
  eden space 52224K, 100% used [0x00000000eab00000,0x00000000ede00000,0x00000000ede00000)
  from space 7680K, 99% used [0x00000000ede00000,0x00000000ee578808,0x00000000ee580000)
  to   space 11264K, 0% used [0x00000000efd80000,0x00000000efd80000,0x00000000f0880000)
 ParOldGen       total 129536K, used 33010K [0x00000000c0000000, 0x00000000c7e80000, 0x00000000eab00000)
  object space 129536K, 25% used [0x00000000c0000000,0x00000000c203cbc8,0x00000000c7e80000)
 Metaspace       used 6132K, capacity 7064K, committed 7424K, reserved 1056768K
  class space    used 614K, capacity 656K, committed 768K, reserved 1048576K
Event: 10.729 GC heap after
Heap after GC invocations=22 (full 0):
 PSYoungGen      total 83456K, used 7709K [0x00000000eab00000, 0x00000000f0a80000, 0x0000000100000000)
  eden space 72192K, 0% used [0x00000000eab00000,0x00000000eab00000,0x00000000ef180000)
  from space 11264K, 68% used [0x00000000efd80000,0x00000000f0507548,0x00000000f0880000)
  to   space 12288K, 0% used [0x00000000ef180000,0x00000000ef180000,0x00000000efd80000)
 ParOldGen       total 129536K, used 39241K [0x00000000c0000000, 0x00000000c7e80000, 0x00000000eab00000)
  object space 129536K, 30% used [0x00000000c0000000,0x00000000c26527c0,0x00000000c7e80000)
 Metaspace       used 6132K, capacity 7064K, committed 7424K, reserved 1056768K
  class space    used 614K, capacity 656K, committed 768K, reserved 1048576K
}

